2026-01-19 00:01:59 - passlib.handlers.bcrypt - WARNING - bcrypt.py:622 - (trapped) error reading bcrypt version
Traceback (most recent call last):
  File "/usr/local/lib/python3.11/site-packages/passlib/handlers/bcrypt.py", line 620, in _load_backend_mixin
    version = _bcrypt.__about__.__version__
              ^^^^^^^^^^^^^^^^^
AttributeError: module 'bcrypt' has no attribute '__about__'
2026-01-19 00:02:00 - passlib.handlers.bcrypt - WARNING - bcrypt.py:622 - (trapped) error reading bcrypt version
Traceback (most recent call last):
  File "/usr/local/lib/python3.11/site-packages/passlib/handlers/bcrypt.py", line 620, in _load_backend_mixin
    version = _bcrypt.__about__.__version__
              ^^^^^^^^^^^^^^^^^
AttributeError: module 'bcrypt' has no attribute '__about__'
2026-01-19 00:02:08 - passlib.handlers.bcrypt - WARNING - bcrypt.py:622 - (trapped) error reading bcrypt version
Traceback (most recent call last):
  File "/usr/local/lib/python3.11/site-packages/passlib/handlers/bcrypt.py", line 620, in _load_backend_mixin
    version = _bcrypt.__about__.__version__
              ^^^^^^^^^^^^^^^^^
AttributeError: module 'bcrypt' has no attribute '__about__'
2026-01-19 00:02:24 - passlib.handlers.bcrypt - WARNING - bcrypt.py:622 - (trapped) error reading bcrypt version
Traceback (most recent call last):
  File "/usr/local/lib/python3.11/site-packages/passlib/handlers/bcrypt.py", line 620, in _load_backend_mixin
    version = _bcrypt.__about__.__version__
              ^^^^^^^^^^^^^^^^^
AttributeError: module 'bcrypt' has no attribute '__about__'
2026-01-19 00:05:09 - passlib.handlers.bcrypt - WARNING - bcrypt.py:622 - (trapped) error reading bcrypt version
Traceback (most recent call last):
  File "/usr/local/lib/python3.11/site-packages/passlib/handlers/bcrypt.py", line 620, in _load_backend_mixin
    version = _bcrypt.__about__.__version__
              ^^^^^^^^^^^^^^^^^
AttributeError: module 'bcrypt' has no attribute '__about__'
2026-01-19 00:05:21 - passlib.handlers.bcrypt - WARNING - bcrypt.py:622 - (trapped) error reading bcrypt version
Traceback (most recent call last):
  File "/usr/local/lib/python3.11/site-packages/passlib/handlers/bcrypt.py", line 620, in _load_backend_mixin
    version = _bcrypt.__about__.__version__
              ^^^^^^^^^^^^^^^^^
AttributeError: module 'bcrypt' has no attribute '__about__'
2026-01-19 00:06:29 - passlib.handlers.bcrypt - WARNING - bcrypt.py:622 - (trapped) error reading bcrypt version
Traceback (most recent call last):
  File "/usr/local/lib/python3.11/site-packages/passlib/handlers/bcrypt.py", line 620, in _load_backend_mixin
    version = _bcrypt.__about__.__version__
              ^^^^^^^^^^^^^^^^^
AttributeError: module 'bcrypt' has no attribute '__about__'
2026-01-19 00:06:33 - passlib.handlers.bcrypt - WARNING - bcrypt.py:622 - (trapped) error reading bcrypt version
Traceback (most recent call last):
  File "/usr/local/lib/python3.11/site-packages/passlib/handlers/bcrypt.py", line 620, in _load_backend_mixin
    version = _bcrypt.__about__.__version__
              ^^^^^^^^^^^^^^^^^
AttributeError: module 'bcrypt' has no attribute '__about__'
2026-01-19 00:06:37 - passlib.handlers.bcrypt - WARNING - bcrypt.py:622 - (trapped) error reading bcrypt version
Traceback (most recent call last):
  File "/usr/local/lib/python3.11/site-packages/passlib/handlers/bcrypt.py", line 620, in _load_backend_mixin
    version = _bcrypt.__about__.__version__
              ^^^^^^^^^^^^^^^^^
AttributeError: module 'bcrypt' has no attribute '__about__'
2026-01-19 00:07:35 - passlib.handlers.bcrypt - WARNING - bcrypt.py:622 - (trapped) error reading bcrypt version
Traceback (most recent call last):
  File "/usr/local/lib/python3.11/site-packages/passlib/handlers/bcrypt.py", line 620, in _load_backend_mixin
    version = _bcrypt.__about__.__version__
              ^^^^^^^^^^^^^^^^^
AttributeError: module 'bcrypt' has no attribute '__about__'
2026-01-19 00:08:01 - passlib.handlers.bcrypt - WARNING - bcrypt.py:622 - (trapped) error reading bcrypt version
Traceback (most recent call last):
  File "/usr/local/lib/python3.11/site-packages/passlib/handlers/bcrypt.py", line 620, in _load_backend_mixin
    version = _bcrypt.__about__.__version__
              ^^^^^^^^^^^^^^^^^
AttributeError: module 'bcrypt' has no attribute '__about__'
2026-01-19 00:09:19 - passlib.handlers.bcrypt - WARNING - bcrypt.py:622 - (trapped) error reading bcrypt version
Traceback (most recent call last):
  File "/usr/local/lib/python3.11/site-packages/passlib/handlers/bcrypt.py", line 620, in _load_backend_mixin
    version = _bcrypt.__about__.__version__
              ^^^^^^^^^^^^^^^^^
AttributeError: module 'bcrypt' has no attribute '__about__'
2026-01-19 14:14:42 - passlib.handlers.bcrypt - WARNING - bcrypt.py:622 - (trapped) error reading bcrypt version
Traceback (most recent call last):
  File "/usr/local/lib/python3.11/site-packages/passlib/handlers/bcrypt.py", line 620, in _load_backend_mixin
    version = _bcrypt.__about__.__version__
              ^^^^^^^^^^^^^^^^^
AttributeError: module 'bcrypt' has no attribute '__about__'
2026-01-19 14:14:44 - passlib.handlers.bcrypt - WARNING - bcrypt.py:622 - (trapped) error reading bcrypt version
Traceback (most recent call last):
  File "/usr/local/lib/python3.11/site-packages/passlib/handlers/bcrypt.py", line 620, in _load_backend_mixin
    version = _bcrypt.__about__.__version__
              ^^^^^^^^^^^^^^^^^
AttributeError: module 'bcrypt' has no attribute '__about__'
2026-01-19 14:14:52 - passlib.handlers.bcrypt - WARNING - bcrypt.py:622 - (trapped) error reading bcrypt version
Traceback (most recent call last):
  File "/usr/local/lib/python3.11/site-packages/passlib/handlers/bcrypt.py", line 620, in _load_backend_mixin
    version = _bcrypt.__about__.__version__
              ^^^^^^^^^^^^^^^^^
AttributeError: module 'bcrypt' has no attribute '__about__'
2026-01-19 14:14:58 - passlib.handlers.bcrypt - WARNING - bcrypt.py:622 - (trapped) error reading bcrypt version
Traceback (most recent call last):
  File "/usr/local/lib/python3.11/site-packages/passlib/handlers/bcrypt.py", line 620, in _load_backend_mixin
    version = _bcrypt.__about__.__version__
              ^^^^^^^^^^^^^^^^^
AttributeError: module 'bcrypt' has no attribute '__about__'
2026-01-19 14:15:05 - passlib.handlers.bcrypt - WARNING - bcrypt.py:622 - (trapped) error reading bcrypt version
Traceback (most recent call last):
  File "/usr/local/lib/python3.11/site-packages/passlib/handlers/bcrypt.py", line 620, in _load_backend_mixin
    version = _bcrypt.__about__.__version__
              ^^^^^^^^^^^^^^^^^
AttributeError: module 'bcrypt' has no attribute '__about__'
2026-01-19 14:18:01 - apscheduler.scheduler - INFO - base.py:245 - Scheduler has been shut down
2026-01-19 14:18:12 - root - INFO - logging_config.py:81 - 日志系统已初始化，日志目录: /app/logs
2026-01-19 14:18:13 - apscheduler.scheduler - INFO - base.py:214 - Scheduler started
2026-01-19 14:18:13 - apscheduler.scheduler - INFO - base.py:1090 - Added job "CouponAutoIssueService.schedule_daily_check.<locals>.daily_task" to job store "default"
2026-01-19 14:31:12 - sentence_transformers.SentenceTransformer - INFO - SentenceTransformer.py:219 - Use pytorch device_name: cpu
2026-01-19 14:31:12 - sentence_transformers.SentenceTransformer - INFO - SentenceTransformer.py:227 - Load pretrained SentenceTransformer: intfloat/multilingual-e5-large
2026-01-19 14:33:10 - sentence_transformers.SentenceTransformer - INFO - SentenceTransformer.py:219 - Use pytorch device_name: cpu
2026-01-19 14:33:10 - sentence_transformers.SentenceTransformer - INFO - SentenceTransformer.py:227 - Load pretrained SentenceTransformer: intfloat/multilingual-e5-large
2026-01-19 14:33:11 - huggingface_hub.utils._http - WARNING - _http.py:319 - '(MaxRetryError("HTTPSConnectionPool(host='huggingface.co', port=443): Max retries exceeded with url: /intfloat/multilingual-e5-large/resolve/main/modules.json (Caused by SSLError(SSLEOFError(8, '[SSL: UNEXPECTED_EOF_WHILE_READING] EOF occurred in violation of protocol (_ssl.c:1016)')))"), '(Request ID: 558aa3c3-f47c-44b7-9f0e-c0bedd26f061)')' thrown while requesting HEAD https://huggingface.co/intfloat/multilingual-e5-large/resolve/main/./modules.json
2026-01-19 14:33:11 - huggingface_hub.utils._http - WARNING - _http.py:328 - Retrying in 1s [Retry 1/5].
2026-01-19 14:35:27 - root - INFO - logging_config.py:81 - 日志系统已初始化，日志目录: /app/logs
2026-01-19 14:35:27 - apscheduler.scheduler - INFO - base.py:214 - Scheduler started
2026-01-19 14:35:27 - apscheduler.scheduler - INFO - base.py:1090 - Added job "CouponAutoIssueService.schedule_daily_check.<locals>.daily_task" to job store "default"
2026-01-19 14:35:39 - sentence_transformers.SentenceTransformer - INFO - SentenceTransformer.py:219 - Use pytorch device_name: cpu
2026-01-19 14:35:39 - sentence_transformers.SentenceTransformer - INFO - SentenceTransformer.py:227 - Load pretrained SentenceTransformer: intfloat/multilingual-e5-large
2026-01-19 14:36:43 - root - INFO - logging_config.py:81 - 日志系统已初始化，日志目录: /app/logs
2026-01-19 14:36:43 - apscheduler.scheduler - INFO - base.py:214 - Scheduler started
2026-01-19 14:36:43 - apscheduler.scheduler - INFO - base.py:1090 - Added job "CouponAutoIssueService.schedule_daily_check.<locals>.daily_task" to job store "default"
2026-01-19 14:36:56 - sentence_transformers.SentenceTransformer - INFO - SentenceTransformer.py:219 - Use pytorch device_name: cpu
2026-01-19 14:36:56 - sentence_transformers.SentenceTransformer - INFO - SentenceTransformer.py:227 - Load pretrained SentenceTransformer: intfloat/multilingual-e5-large
2026-01-19 14:37:33 - sentence_transformers.SentenceTransformer - INFO - SentenceTransformer.py:219 - Use pytorch device_name: cpu
2026-01-19 14:37:33 - sentence_transformers.SentenceTransformer - INFO - SentenceTransformer.py:227 - Load pretrained SentenceTransformer: intfloat/multilingual-e5-large
2026-01-19 14:38:49 - root - INFO - logging_config.py:81 - 日志系统已初始化，日志目录: /app/logs
2026-01-19 14:38:49 - apscheduler.scheduler - INFO - base.py:214 - Scheduler started
2026-01-19 14:38:49 - apscheduler.scheduler - INFO - base.py:1090 - Added job "CouponAutoIssueService.schedule_daily_check.<locals>.daily_task" to job store "default"
2026-01-19 14:39:04 - apscheduler.scheduler - INFO - base.py:245 - Scheduler has been shut down
2026-01-19 14:39:10 - root - INFO - logging_config.py:81 - 日志系统已初始化，日志目录: /app/logs
2026-01-19 14:39:11 - apscheduler.scheduler - INFO - base.py:214 - Scheduler started
2026-01-19 14:39:11 - apscheduler.scheduler - INFO - base.py:1090 - Added job "CouponAutoIssueService.schedule_daily_check.<locals>.daily_task" to job store "default"
2026-01-19 14:40:05 - apscheduler.scheduler - INFO - base.py:245 - Scheduler has been shut down
2026-01-19 14:40:11 - root - INFO - logging_config.py:81 - 日志系统已初始化，日志目录: /app/logs
2026-01-19 14:40:12 - apscheduler.scheduler - INFO - base.py:214 - Scheduler started
2026-01-19 14:40:12 - apscheduler.scheduler - INFO - base.py:1090 - Added job "CouponAutoIssueService.schedule_daily_check.<locals>.daily_task" to job store "default"
2026-01-19 14:40:16 - sentence_transformers.SentenceTransformer - INFO - SentenceTransformer.py:219 - Use pytorch device_name: cpu
2026-01-19 14:40:16 - sentence_transformers.SentenceTransformer - INFO - SentenceTransformer.py:227 - Load pretrained SentenceTransformer: intfloat/multilingual-e5-large
2026-01-19 14:44:14 - sentence_transformers.SentenceTransformer - INFO - SentenceTransformer.py:219 - Use pytorch device_name: cpu
2026-01-19 14:44:14 - sentence_transformers.SentenceTransformer - INFO - SentenceTransformer.py:227 - Load pretrained SentenceTransformer: intfloat/multilingual-e5-large
2026-01-19 14:47:20 - sentence_transformers.SentenceTransformer - INFO - SentenceTransformer.py:219 - Use pytorch device_name: cpu
2026-01-19 14:47:20 - sentence_transformers.SentenceTransformer - INFO - SentenceTransformer.py:227 - Load pretrained SentenceTransformer: intfloat/multilingual-e5-large
2026-01-19 14:47:48 - passlib.handlers.bcrypt - WARNING - bcrypt.py:622 - (trapped) error reading bcrypt version
Traceback (most recent call last):
  File "/usr/local/lib/python3.11/site-packages/passlib/handlers/bcrypt.py", line 620, in _load_backend_mixin
    version = _bcrypt.__about__.__version__
              ^^^^^^^^^^^^^^^^^
AttributeError: module 'bcrypt' has no attribute '__about__'
2026-01-19 14:47:51 - passlib.handlers.bcrypt - WARNING - bcrypt.py:622 - (trapped) error reading bcrypt version
Traceback (most recent call last):
  File "/usr/local/lib/python3.11/site-packages/passlib/handlers/bcrypt.py", line 620, in _load_backend_mixin
    version = _bcrypt.__about__.__version__
              ^^^^^^^^^^^^^^^^^
AttributeError: module 'bcrypt' has no attribute '__about__'
2026-01-19 14:47:53 - passlib.handlers.bcrypt - WARNING - bcrypt.py:622 - (trapped) error reading bcrypt version
Traceback (most recent call last):
  File "/usr/local/lib/python3.11/site-packages/passlib/handlers/bcrypt.py", line 620, in _load_backend_mixin
    version = _bcrypt.__about__.__version__
              ^^^^^^^^^^^^^^^^^
AttributeError: module 'bcrypt' has no attribute '__about__'
2026-01-19 14:47:55 - passlib.handlers.bcrypt - WARNING - bcrypt.py:622 - (trapped) error reading bcrypt version
Traceback (most recent call last):
  File "/usr/local/lib/python3.11/site-packages/passlib/handlers/bcrypt.py", line 620, in _load_backend_mixin
    version = _bcrypt.__about__.__version__
              ^^^^^^^^^^^^^^^^^
AttributeError: module 'bcrypt' has no attribute '__about__'
2026-01-19 22:47:56 - root - INFO - logging_config.py:81 - 日志系统已初始化，日志目录: D:\AI_Learning\02_Project\Shopping_app\backend\logs
2026-01-19 22:47:56 - apscheduler.scheduler - INFO - base.py:214 - Scheduler started
2026-01-19 22:47:56 - apscheduler.scheduler - INFO - base.py:1090 - Added job "CouponAutoIssueService.schedule_daily_check.<locals>.daily_task" to job store "default"
2026-01-19 22:48:25 - passlib.handlers.bcrypt - WARNING - bcrypt.py:622 - (trapped) error reading bcrypt version
Traceback (most recent call last):
  File "D:\envs\AI_env\Lib\site-packages\passlib\handlers\bcrypt.py", line 620, in _load_backend_mixin
    version = _bcrypt.__about__.__version__
              ^^^^^^^^^^^^^^^^^
AttributeError: module 'bcrypt' has no attribute '__about__'
2026-01-19 22:48:53 - sentence_transformers.SentenceTransformer - INFO - SentenceTransformer.py:219 - Use pytorch device_name: cpu
2026-01-19 22:48:53 - sentence_transformers.SentenceTransformer - INFO - SentenceTransformer.py:227 - Load pretrained SentenceTransformer: intfloat/multilingual-e5-large
2026-01-19 22:49:21 - jieba - DEBUG - __init__.py:113 - Building prefix dict from the default dictionary ...
2026-01-19 22:49:21 - jieba - DEBUG - __init__.py:132 - Loading model from cache C:\Users\王显富\AppData\Local\Temp\jieba.cache
2026-01-19 22:49:22 - jieba - DEBUG - __init__.py:164 - Loading model cost 0.615 seconds.
2026-01-19 22:49:22 - jieba - DEBUG - __init__.py:166 - Prefix dict has been built successfully.
2026-01-19 14:50:13 - sentence_transformers.SentenceTransformer - INFO - SentenceTransformer.py:219 - Use pytorch device_name: cpu
2026-01-19 14:50:13 - sentence_transformers.SentenceTransformer - INFO - SentenceTransformer.py:227 - Load pretrained SentenceTransformer: intfloat/multilingual-e5-large
2026-01-19 22:52:18 - apscheduler.scheduler - INFO - base.py:245 - Scheduler has been shut down
2026-01-19 14:52:19 - sentence_transformers.SentenceTransformer - INFO - SentenceTransformer.py:219 - Use pytorch device_name: cpu
2026-01-19 14:52:19 - sentence_transformers.SentenceTransformer - INFO - SentenceTransformer.py:227 - Load pretrained SentenceTransformer: intfloat/multilingual-e5-large
2026-01-19 22:52:43 - root - INFO - logging_config.py:81 - 日志系统已初始化，日志目录: D:\AI_Learning\02_Project\Shopping_app\backend\logs
2026-01-19 22:52:44 - apscheduler.scheduler - INFO - base.py:214 - Scheduler started
2026-01-19 22:52:44 - apscheduler.scheduler - INFO - base.py:1090 - Added job "CouponAutoIssueService.schedule_daily_check.<locals>.daily_task" to job store "default"
2026-01-19 22:53:15 - apscheduler.scheduler - INFO - base.py:245 - Scheduler has been shut down
2026-01-19 22:53:29 - root - INFO - logging_config.py:81 - 日志系统已初始化，日志目录: D:\AI_Learning\02_Project\Shopping_app\backend\logs
2026-01-19 22:53:29 - apscheduler.scheduler - INFO - base.py:214 - Scheduler started
2026-01-19 22:53:29 - apscheduler.scheduler - INFO - base.py:1090 - Added job "CouponAutoIssueService.schedule_daily_check.<locals>.daily_task" to job store "default"
2026-01-19 22:53:29 - apscheduler.scheduler - INFO - base.py:245 - Scheduler has been shut down
2026-01-19 22:53:41 - root - INFO - logging_config.py:81 - 日志系统已初始化，日志目录: D:\AI_Learning\02_Project\Shopping_app\backend\logs
2026-01-19 22:53:42 - apscheduler.scheduler - INFO - base.py:214 - Scheduler started
2026-01-19 22:53:42 - apscheduler.scheduler - INFO - base.py:1090 - Added job "CouponAutoIssueService.schedule_daily_check.<locals>.daily_task" to job store "default"
2026-01-19 14:53:43 - root - INFO - logging_config.py:81 - 日志系统已初始化，日志目录: /app/logs
2026-01-19 14:53:43 - apscheduler.scheduler - INFO - base.py:214 - Scheduler started
2026-01-19 14:53:43 - apscheduler.scheduler - INFO - base.py:1090 - Added job "CouponAutoIssueService.schedule_daily_check.<locals>.daily_task" to job store "default"
2026-01-19 14:55:26 - sentence_transformers.SentenceTransformer - INFO - SentenceTransformer.py:219 - Use pytorch device_name: cpu
2026-01-19 14:55:26 - sentence_transformers.SentenceTransformer - INFO - SentenceTransformer.py:227 - Load pretrained SentenceTransformer: intfloat/multilingual-e5-large
2026-01-19 22:57:42 - apscheduler.scheduler - INFO - base.py:245 - Scheduler has been shut down
2026-01-19 14:57:55 - root - INFO - logging_config.py:81 - 日志系统已初始化，日志目录: /app/logs
2026-01-19 14:57:56 - apscheduler.scheduler - INFO - base.py:214 - Scheduler started
2026-01-19 14:57:56 - apscheduler.scheduler - INFO - base.py:1090 - Added job "CouponAutoIssueService.schedule_daily_check.<locals>.daily_task" to job store "default"
2026-01-19 22:57:58 - root - INFO - logging_config.py:81 - 日志系统已初始化，日志目录: D:\AI_Learning\02_Project\Shopping_app\backend\logs
2026-01-19 22:57:58 - apscheduler.scheduler - INFO - base.py:214 - Scheduler started
2026-01-19 22:57:58 - apscheduler.scheduler - INFO - base.py:1090 - Added job "CouponAutoIssueService.schedule_daily_check.<locals>.daily_task" to job store "default"
2026-01-19 22:57:58 - apscheduler.scheduler - INFO - base.py:245 - Scheduler has been shut down
2026-01-19 22:58:09 - root - INFO - logging_config.py:81 - 日志系统已初始化，日志目录: D:\AI_Learning\02_Project\Shopping_app\backend\logs
2026-01-19 22:58:10 - apscheduler.scheduler - INFO - base.py:214 - Scheduler started
2026-01-19 22:58:10 - apscheduler.scheduler - INFO - base.py:1090 - Added job "CouponAutoIssueService.schedule_daily_check.<locals>.daily_task" to job store "default"
2026-01-19 14:58:23 - sentence_transformers.SentenceTransformer - INFO - SentenceTransformer.py:219 - Use pytorch device_name: cpu
2026-01-19 14:58:23 - sentence_transformers.SentenceTransformer - INFO - SentenceTransformer.py:227 - Load pretrained SentenceTransformer: intfloat/multilingual-e5-large
2026-01-19 22:58:36 - apscheduler.scheduler - INFO - base.py:245 - Scheduler has been shut down
2026-01-19 22:58:50 - root - INFO - logging_config.py:81 - 日志系统已初始化，日志目录: D:\AI_Learning\02_Project\Shopping_app\backend\logs
2026-01-19 22:58:50 - apscheduler.scheduler - INFO - base.py:214 - Scheduler started
2026-01-19 22:58:50 - apscheduler.scheduler - INFO - base.py:1090 - Added job "CouponAutoIssueService.schedule_daily_check.<locals>.daily_task" to job store "default"
2026-01-19 15:01:04 - sentence_transformers.SentenceTransformer - INFO - SentenceTransformer.py:219 - Use pytorch device_name: cpu
2026-01-19 15:01:04 - sentence_transformers.SentenceTransformer - INFO - SentenceTransformer.py:227 - Load pretrained SentenceTransformer: intfloat/multilingual-e5-large
2026-01-19 23:02:48 - apscheduler.scheduler - INFO - base.py:245 - Scheduler has been shut down
2026-01-19 23:03:05 - root - INFO - logging_config.py:81 - 日志系统已初始化，日志目录: D:\AI_Learning\02_Project\Shopping_app\backend\logs
2026-01-19 23:03:05 - apscheduler.scheduler - INFO - base.py:214 - Scheduler started
2026-01-19 23:03:05 - apscheduler.scheduler - INFO - base.py:1090 - Added job "CouponAutoIssueService.schedule_daily_check.<locals>.daily_task" to job store "default"
2026-01-19 23:03:31 - apscheduler.scheduler - INFO - base.py:245 - Scheduler has been shut down
2026-01-19 23:03:43 - root - INFO - logging_config.py:81 - 日志系统已初始化，日志目录: D:\AI_Learning\02_Project\Shopping_app\backend\logs
2026-01-19 23:03:43 - apscheduler.scheduler - INFO - base.py:214 - Scheduler started
2026-01-19 23:03:43 - apscheduler.scheduler - INFO - base.py:1090 - Added job "CouponAutoIssueService.schedule_daily_check.<locals>.daily_task" to job store "default"
2026-01-19 23:03:43 - apscheduler.scheduler - INFO - base.py:245 - Scheduler has been shut down
2026-01-19 15:03:49 - root - INFO - logging_config.py:81 - 日志系统已初始化，日志目录: /app/logs
2026-01-19 15:03:50 - apscheduler.scheduler - INFO - base.py:214 - Scheduler started
2026-01-19 15:03:50 - apscheduler.scheduler - INFO - base.py:1090 - Added job "CouponAutoIssueService.schedule_daily_check.<locals>.daily_task" to job store "default"
2026-01-19 23:03:54 - root - INFO - logging_config.py:81 - 日志系统已初始化，日志目录: D:\AI_Learning\02_Project\Shopping_app\backend\logs
2026-01-19 23:03:55 - apscheduler.scheduler - INFO - base.py:214 - Scheduler started
2026-01-19 23:03:55 - apscheduler.scheduler - INFO - base.py:1090 - Added job "CouponAutoIssueService.schedule_daily_check.<locals>.daily_task" to job store "default"
2026-01-19 15:03:56 - sentence_transformers.SentenceTransformer - INFO - SentenceTransformer.py:219 - Use pytorch device_name: cpu
2026-01-19 15:03:56 - sentence_transformers.SentenceTransformer - INFO - SentenceTransformer.py:227 - Load pretrained SentenceTransformer: intfloat/multilingual-e5-large
2026-01-19 15:05:27 - sentence_transformers.SentenceTransformer - INFO - SentenceTransformer.py:219 - Use pytorch device_name: cpu
2026-01-19 15:05:27 - sentence_transformers.SentenceTransformer - INFO - SentenceTransformer.py:227 - Load pretrained SentenceTransformer: intfloat/multilingual-e5-large
2026-01-19 15:13:45 - jieba - DEBUG - __init__.py:113 - Building prefix dict from the default dictionary ...
2026-01-19 15:13:45 - jieba - DEBUG - __init__.py:146 - Dumping model to file cache /tmp/jieba.cache
2026-01-19 15:13:45 - jieba - DEBUG - __init__.py:164 - Loading model cost 0.783 seconds.
2026-01-19 15:13:45 - jieba - DEBUG - __init__.py:166 - Prefix dict has been built successfully.
2026-01-19 15:15:49 - root - INFO - logging_config.py:81 - 日志系统已初始化，日志目录: /app/logs
2026-01-19 15:15:50 - apscheduler.scheduler - INFO - base.py:214 - Scheduler started
2026-01-19 15:15:50 - apscheduler.scheduler - INFO - base.py:1090 - Added job "CouponAutoIssueService.schedule_daily_check.<locals>.daily_task" to job store "default"
2026-01-19 15:16:12 - sentence_transformers.SentenceTransformer - INFO - SentenceTransformer.py:219 - Use pytorch device_name: cpu
2026-01-19 15:16:12 - sentence_transformers.SentenceTransformer - INFO - SentenceTransformer.py:227 - Load pretrained SentenceTransformer: intfloat/multilingual-e5-large
2026-01-19 15:18:51 - sentence_transformers.SentenceTransformer - INFO - SentenceTransformer.py:219 - Use pytorch device_name: cpu
2026-01-19 15:18:51 - sentence_transformers.SentenceTransformer - INFO - SentenceTransformer.py:227 - Load pretrained SentenceTransformer: intfloat/multilingual-e5-large
2026-01-19 15:21:02 - sentence_transformers.SentenceTransformer - INFO - SentenceTransformer.py:219 - Use pytorch device_name: cpu
2026-01-19 15:21:02 - sentence_transformers.SentenceTransformer - INFO - SentenceTransformer.py:227 - Load pretrained SentenceTransformer: intfloat/multilingual-e5-large
2026-01-19 23:21:19 - apscheduler.scheduler - INFO - base.py:245 - Scheduler has been shut down
2026-01-19 23:21:45 - root - INFO - logging_config.py:81 - 日志系统已初始化，日志目录: D:\AI_Learning\02_Project\Shopping_app\backend\logs
2026-01-19 23:21:45 - apscheduler.scheduler - INFO - base.py:214 - Scheduler started
2026-01-19 23:21:45 - apscheduler.scheduler - INFO - base.py:1090 - Added job "CouponAutoIssueService.schedule_daily_check.<locals>.daily_task" to job store "default"
2026-01-19 23:21:51 - apscheduler.scheduler - INFO - base.py:245 - Scheduler has been shut down
2026-01-19 23:22:10 - root - INFO - logging_config.py:81 - 日志系统已初始化，日志目录: D:\AI_Learning\02_Project\Shopping_app\backend\logs
2026-01-19 23:22:11 - apscheduler.scheduler - INFO - base.py:214 - Scheduler started
2026-01-19 23:22:11 - apscheduler.scheduler - INFO - base.py:1090 - Added job "CouponAutoIssueService.schedule_daily_check.<locals>.daily_task" to job store "default"
2026-01-19 15:22:11 - root - INFO - logging_config.py:81 - 日志系统已初始化，日志目录: /app/logs
2026-01-19 15:22:12 - apscheduler.scheduler - INFO - base.py:214 - Scheduler started
2026-01-19 15:22:12 - apscheduler.scheduler - INFO - base.py:1090 - Added job "CouponAutoIssueService.schedule_daily_check.<locals>.daily_task" to job store "default"
2026-01-19 23:22:29 - apscheduler.scheduler - INFO - base.py:245 - Scheduler has been shut down
2026-01-19 15:22:40 - sentence_transformers.SentenceTransformer - INFO - SentenceTransformer.py:219 - Use pytorch device_name: cpu
2026-01-19 15:22:40 - sentence_transformers.SentenceTransformer - INFO - SentenceTransformer.py:227 - Load pretrained SentenceTransformer: intfloat/multilingual-e5-large
2026-01-19 23:22:42 - root - INFO - logging_config.py:81 - 日志系统已初始化，日志目录: D:\AI_Learning\02_Project\Shopping_app\backend\logs
2026-01-19 23:22:42 - apscheduler.scheduler - INFO - base.py:214 - Scheduler started
2026-01-19 23:22:42 - apscheduler.scheduler - INFO - base.py:1090 - Added job "CouponAutoIssueService.schedule_daily_check.<locals>.daily_task" to job store "default"
2026-01-19 15:25:50 - sentence_transformers.SentenceTransformer - INFO - SentenceTransformer.py:219 - Use pytorch device_name: cpu
2026-01-19 15:25:50 - sentence_transformers.SentenceTransformer - INFO - SentenceTransformer.py:227 - Load pretrained SentenceTransformer: intfloat/multilingual-e5-large
2026-01-19 15:34:46 - sentence_transformers.SentenceTransformer - INFO - SentenceTransformer.py:219 - Use pytorch device_name: cpu
2026-01-19 15:34:46 - sentence_transformers.SentenceTransformer - INFO - SentenceTransformer.py:227 - Load pretrained SentenceTransformer: intfloat/multilingual-e5-large
2026-01-19 15:45:39 - sentence_transformers.SentenceTransformer - INFO - SentenceTransformer.py:219 - Use pytorch device_name: cpu
2026-01-19 15:45:39 - sentence_transformers.SentenceTransformer - INFO - SentenceTransformer.py:227 - Load pretrained SentenceTransformer: intfloat/multilingual-e5-large
2026-01-19 15:47:43 - sentence_transformers.SentenceTransformer - INFO - SentenceTransformer.py:219 - Use pytorch device_name: cpu
2026-01-19 15:47:43 - sentence_transformers.SentenceTransformer - INFO - SentenceTransformer.py:227 - Load pretrained SentenceTransformer: intfloat/multilingual-e5-large
2026-01-19 23:50:05 - apscheduler.scheduler - INFO - base.py:245 - Scheduler has been shut down
2026-01-19 23:50:44 - root - INFO - logging_config.py:81 - 日志系统已初始化，日志目录: D:\AI_Learning\02_Project\Shopping_app\backend\logs
2026-01-19 23:50:44 - apscheduler.scheduler - INFO - base.py:214 - Scheduler started
2026-01-19 23:50:44 - apscheduler.scheduler - INFO - base.py:1090 - Added job "CouponAutoIssueService.schedule_daily_check.<locals>.daily_task" to job store "default"
2026-01-19 23:50:44 - apscheduler.scheduler - INFO - base.py:245 - Scheduler has been shut down
2026-01-19 23:50:57 - root - INFO - logging_config.py:81 - 日志系统已初始化，日志目录: D:\AI_Learning\02_Project\Shopping_app\backend\logs
2026-01-19 23:50:57 - apscheduler.scheduler - INFO - base.py:214 - Scheduler started
2026-01-19 23:50:57 - apscheduler.scheduler - INFO - base.py:1090 - Added job "CouponAutoIssueService.schedule_daily_check.<locals>.daily_task" to job store "default"
2026-01-19 23:50:57 - apscheduler.scheduler - INFO - base.py:245 - Scheduler has been shut down
2026-01-19 23:51:10 - root - INFO - logging_config.py:81 - 日志系统已初始化，日志目录: D:\AI_Learning\02_Project\Shopping_app\backend\logs
2026-01-19 23:51:10 - apscheduler.scheduler - INFO - base.py:214 - Scheduler started
2026-01-19 23:51:10 - apscheduler.scheduler - INFO - base.py:1090 - Added job "CouponAutoIssueService.schedule_daily_check.<locals>.daily_task" to job store "default"
2026-01-19 23:51:10 - sentence_transformers.SentenceTransformer - INFO - SentenceTransformer.py:219 - Use pytorch device_name: cpu
2026-01-19 23:51:10 - sentence_transformers.SentenceTransformer - INFO - SentenceTransformer.py:227 - Load pretrained SentenceTransformer: intfloat/multilingual-e5-large
2026-01-19 23:52:51 - apscheduler.scheduler - INFO - base.py:245 - Scheduler has been shut down
2026-01-19 23:53:11 - root - INFO - logging_config.py:81 - 日志系统已初始化，日志目录: D:\AI_Learning\02_Project\Shopping_app\backend\logs
2026-01-19 23:53:11 - apscheduler.scheduler - INFO - base.py:214 - Scheduler started
2026-01-19 23:53:11 - apscheduler.scheduler - INFO - base.py:1090 - Added job "CouponAutoIssueService.schedule_daily_check.<locals>.daily_task" to job store "default"
2026-01-19 23:53:12 - apscheduler.scheduler - INFO - base.py:245 - Scheduler has been shut down
2026-01-19 23:53:12 - sentence_transformers.SentenceTransformer - INFO - SentenceTransformer.py:219 - Use pytorch device_name: cpu
2026-01-19 23:53:12 - sentence_transformers.SentenceTransformer - INFO - SentenceTransformer.py:227 - Load pretrained SentenceTransformer: intfloat/multilingual-e5-large
2026-01-19 23:53:22 - root - INFO - logging_config.py:81 - 日志系统已初始化，日志目录: D:\AI_Learning\02_Project\Shopping_app\backend\logs
2026-01-19 23:53:22 - apscheduler.scheduler - INFO - base.py:214 - Scheduler started
2026-01-19 23:53:22 - apscheduler.scheduler - INFO - base.py:1090 - Added job "CouponAutoIssueService.schedule_daily_check.<locals>.daily_task" to job store "default"
2026-01-19 23:53:22 - sentence_transformers.SentenceTransformer - INFO - SentenceTransformer.py:219 - Use pytorch device_name: cpu
2026-01-19 23:53:22 - sentence_transformers.SentenceTransformer - INFO - SentenceTransformer.py:227 - Load pretrained SentenceTransformer: intfloat/multilingual-e5-large
2026-01-19 15:53:43 - sentence_transformers.SentenceTransformer - INFO - SentenceTransformer.py:219 - Use pytorch device_name: cpu
2026-01-19 15:53:43 - sentence_transformers.SentenceTransformer - INFO - SentenceTransformer.py:227 - Load pretrained SentenceTransformer: intfloat/multilingual-e5-large
2026-01-19 15:57:17 - sentence_transformers.SentenceTransformer - INFO - SentenceTransformer.py:219 - Use pytorch device_name: cpu
2026-01-19 15:57:17 - sentence_transformers.SentenceTransformer - INFO - SentenceTransformer.py:227 - Load pretrained SentenceTransformer: intfloat/multilingual-e5-large
2026-01-19 23:57:25 - apscheduler.scheduler - INFO - base.py:245 - Scheduler has been shut down
2026-01-19 23:57:42 - root - INFO - logging_config.py:81 - 日志系统已初始化，日志目录: D:\AI_Learning\02_Project\Shopping_app\backend\logs
2026-01-19 23:57:42 - apscheduler.scheduler - INFO - base.py:214 - Scheduler started
2026-01-19 23:57:42 - apscheduler.scheduler - INFO - base.py:1090 - Added job "CouponAutoIssueService.schedule_daily_check.<locals>.daily_task" to job store "default"
2026-01-19 23:57:42 - apscheduler.scheduler - INFO - base.py:245 - Scheduler has been shut down
2026-01-19 23:57:53 - root - INFO - logging_config.py:81 - 日志系统已初始化，日志目录: D:\AI_Learning\02_Project\Shopping_app\backend\logs
2026-01-19 23:57:53 - apscheduler.scheduler - INFO - base.py:214 - Scheduler started
2026-01-19 23:57:53 - apscheduler.scheduler - INFO - base.py:1090 - Added job "CouponAutoIssueService.schedule_daily_check.<locals>.daily_task" to job store "default"
2026-01-19 23:57:53 - sentence_transformers.SentenceTransformer - INFO - SentenceTransformer.py:219 - Use pytorch device_name: cpu
2026-01-19 23:57:53 - sentence_transformers.SentenceTransformer - INFO - SentenceTransformer.py:227 - Load pretrained SentenceTransformer: intfloat/multilingual-e5-large
2026-01-19 15:58:01 - sentence_transformers.SentenceTransformer - INFO - SentenceTransformer.py:219 - Use pytorch device_name: cpu
2026-01-19 15:58:01 - sentence_transformers.SentenceTransformer - INFO - SentenceTransformer.py:227 - Load pretrained SentenceTransformer: intfloat/multilingual-e5-large
2026-01-19 23:58:16 - apscheduler.scheduler - INFO - base.py:245 - Scheduler has been shut down
2026-01-19 23:58:29 - root - INFO - logging_config.py:81 - 日志系统已初始化，日志目录: D:\AI_Learning\02_Project\Shopping_app\backend\logs
2026-01-19 23:58:29 - apscheduler.scheduler - INFO - base.py:214 - Scheduler started
2026-01-19 23:58:29 - apscheduler.scheduler - INFO - base.py:1090 - Added job "CouponAutoIssueService.schedule_daily_check.<locals>.daily_task" to job store "default"
2026-01-19 23:58:29 - sentence_transformers.SentenceTransformer - INFO - SentenceTransformer.py:219 - Use pytorch device_name: cpu
2026-01-19 23:58:29 - sentence_transformers.SentenceTransformer - INFO - SentenceTransformer.py:227 - Load pretrained SentenceTransformer: intfloat/multilingual-e5-large
2026-01-19 15:59:04 - sentence_transformers.SentenceTransformer - INFO - SentenceTransformer.py:219 - Use pytorch device_name: cpu
2026-01-19 15:59:04 - sentence_transformers.SentenceTransformer - INFO - SentenceTransformer.py:227 - Load pretrained SentenceTransformer: intfloat/multilingual-e5-large
2026-01-19 23:59:24 - apscheduler.scheduler - INFO - base.py:245 - Scheduler has been shut down
2026-01-19 23:59:38 - root - INFO - logging_config.py:81 - 日志系统已初始化，日志目录: D:\AI_Learning\02_Project\Shopping_app\backend\logs
2026-01-19 23:59:39 - apscheduler.scheduler - INFO - base.py:214 - Scheduler started
2026-01-19 23:59:39 - apscheduler.scheduler - INFO - base.py:1090 - Added job "CouponAutoIssueService.schedule_daily_check.<locals>.daily_task" to job store "default"
2026-01-19 23:59:39 - sentence_transformers.SentenceTransformer - INFO - SentenceTransformer.py:219 - Use pytorch device_name: cpu
2026-01-19 23:59:39 - sentence_transformers.SentenceTransformer - INFO - SentenceTransformer.py:227 - Load pretrained SentenceTransformer: intfloat/multilingual-e5-large
2026-01-19 23:59:44 - sentence_transformers.SentenceTransformer - WARNING - SentenceTransformer.py:2046 - No sentence-transformers model found with name intfloat/multilingual-e5-large. Creating a new one with mean pooling.
